0 verbose cli D:\node_js\node.exe D:\node_js\node_modules\npm\bin\npm-cli.js
1 info using npm@10.2.3
2 info using node@v18.19.0
3 timing npm:load:whichnode Completed in 4ms
4 timing config:load:defaults Completed in 4ms
5 timing config:load:file:D:\node_js\node_modules\npm\npmrc Completed in 7ms
6 timing config:load:builtin Completed in 7ms
7 timing config:load:cli Completed in 3ms
8 timing config:load:env Completed in 1ms
9 timing config:load:file:D:\Vue\day_01\.npmrc Completed in 1ms
10 timing config:load:project Completed in 5ms
11 timing config:load:file:C:\Users\10797\.npmrc Completed in 2ms
12 timing config:load:user Completed in 2ms
13 timing config:load:file:D:\Vue\day_01\node_js\node_global\etc\npmrc Completed in 1ms
14 timing config:load:global Completed in 1ms
15 timing config:load:setEnvs Completed in 1ms
16 timing config:load Completed in 25ms
17 timing npm:load:configload Completed in 25ms
18 timing config:load:flatten Completed in 4ms
19 timing npm:load:mkdirpcache Completed in 2ms
20 timing npm:load:mkdirplogs Completed in 1ms
21 verbose title npm create vite@latest
22 verbose argv "create" "vite@latest"
23 timing npm:load:setTitle Completed in 1ms
24 timing npm:load:display Completed in 2ms
25 verbose logfile logs-max:10 dir:D:\Vue\day_01\node_js\node_cache\_logs\2025-03-05T09_53_37_857Z-
26 verbose logfile D:\Vue\day_01\node_js\node_cache\_logs\2025-03-05T09_53_37_857Z-debug-0.log
27 timing npm:load:logFile Completed in 42ms
28 timing npm:load:timers Completed in 0ms
29 timing npm:load:configScope Completed in 0ms
30 timing npm:load Completed in 122ms
31 silly logfile done cleaning log files
32 timing arborist:ctor Completed in 1ms
33 http fetch GET 200 https://registry.npmmirror.com/create-vite 402ms (cache miss)
34 timing arborist:ctor Completed in 0ms
35 http fetch GET 200 https://registry.npmmirror.com/npm 841ms (cache miss)
36 timing arborist:ctor Completed in 1ms
37 timing idealTree:init Completed in 18ms
38 timing idealTree:userRequests Completed in 7ms
39 silly idealTree buildDeps
40 silly fetch manifest create-vite@6.3.1
41 http fetch GET 200 https://registry.npmmirror.com/create-vite 81ms (cache hit)
42 silly placeDep ROOT create-vite@6.3.1 OK for:  want: 6.3.1
43 timing idealTree:#root Completed in 109ms
44 timing idealTree:node_modules/create-vite Completed in 1ms
45 timing idealTree:buildDeps Completed in 112ms
46 timing idealTree:fixDepFlags Completed in 2ms
47 timing idealTree Completed in 144ms
48 timing reify:loadTrees Completed in 146ms
49 timing reify:diffTrees Completed in 2ms
50 silly reify moves {}
51 timing reify:retireShallow Completed in 3ms
52 timing reify:createSparse Completed in 7ms
53 timing reify:loadBundles Completed in 0ms
54 silly audit bulk request { 'create-vite': [ '6.3.1' ] }
55 silly tarball no local data for create-vite@https://registry.npmmirror.com/create-vite/-/create-vite-6.3.1.tgz. Extracting by manifest.
56 http fetch POST 404 https://registry.npmmirror.com/-/npm/v1/security/advisories/bulk 36ms
57 silly audit bulk request failed [object Object]
58 http fetch POST 404 https://registry.npmmirror.com/-/npm/v1/security/audits/quick 17ms
59 verbose audit error HttpErrorGeneral: 404 Not Found - POST https://registry.npmmirror.com/-/npm/v1/security/audits/quick - [NOT_IMPLEMENTED] /-/npm/v1/security/* not implemented yet
59 verbose audit error     at D:\node_js\node_modules\npm\node_modules\npm-registry-fetch\lib\check-response.js:95:15
59 verbose audit error     at process.processTicksAndRejections (node:internal/process/task_queues:95:5)
59 verbose audit error     at async [getReport] (D:\node_js\node_modules\npm\node_modules\@npmcli\arborist\lib\audit-report.js:335:21)
59 verbose audit error     at async AuditReport.run (D:\node_js\node_modules\npm\node_modules\@npmcli\arborist\lib\audit-report.js:106:19) {
59 verbose audit error   headers: [Object: null prototype] {
59 verbose audit error     server: [ 'Tengine' ],
59 verbose audit error     date: [ 'Wed, 05 Mar 2025 09:54:31 GMT' ],
59 verbose audit error     'content-type': [ 'application/json' ],
59 verbose audit error     'transfer-encoding': [ 'chunked' ],
59 verbose audit error     connection: [ 'keep-alive' ],
59 verbose audit error     'strict-transport-security': [ 'max-age=5184000' ],
59 verbose audit error     via: [ 'kunlun1.cn1588[,404666]' ],
59 verbose audit error     'timing-allow-origin': [ '*' ],
59 verbose audit error     eagleid: [ '6f06f39517411684718955127e' ],
59 verbose audit error     'x-fetch-attempts': [ '1' ]
59 verbose audit error   },
59 verbose audit error   statusCode: 404,
59 verbose audit error   code: 'E404',
59 verbose audit error   method: 'POST',
59 verbose audit error   uri: 'https://registry.npmmirror.com/-/npm/v1/security/audits/quick',
59 verbose audit error   body: {
59 verbose audit error     error: '[NOT_IMPLEMENTED] /-/npm/v1/security/* not implemented yet'
59 verbose audit error   },
59 verbose audit error   pkgid: undefined
59 verbose audit error }
60 silly audit error [object Object]
61 timing auditReport:getReport Completed in 88ms
62 silly audit report null
63 timing reify:audit Completed in 88ms
64 http fetch GET 200 https://cdn.npmmirror.com/packages/create-vite/6.3.1/create-vite-6.3.1.tgz 939ms (cache miss)
65 timing reifyNode:node_modules/create-vite Completed in 957ms
66 timing reify:unpack Completed in 959ms
67 timing reify:unretire Completed in 0ms
68 timing build:queue Completed in 1ms
69 timing build:link:node_modules/create-vite Completed in 91ms
70 timing build:link Completed in 91ms
71 timing build:deps Completed in 93ms
72 timing build Completed in 94ms
73 timing reify:build Completed in 95ms
74 timing reify:trash Completed in 0ms
75 timing reify:save Completed in 14ms
76 timing reify Completed in 1250ms
77 timing command:create Completed in 49105ms
78 notice
78 notice New [31mmajor[39m version of npm available! [31m10.2.3[39m -> [32m11.1.0[39m
78 notice Changelog: [36mhttps://github.com/npm/cli/releases/tag/v11.1.0[39m
78 notice Run [32mnpm install -g npm@11.1.0[39m to update!
78 notice
79 verbose exit 0
80 timing npm Completed in 66752ms
81 info ok
